Base path: /Applications/Unity/Unity.app/Contents
Cmd: initializeCompiler
Cmd: preprocess
  insize=4508 outsize=1505 ok=1
Cmd: preprocess
  insize=3908 outsize=971 ok=1
Cmd: preprocess
  insize=1544 outsize=1022 ok=1
Cmd: preprocess
  insize=1454 outsize=905 ok=1
Cmd: preprocess
  insize=2706 outsize=941 ok=1
Cmd: preprocess
  insize=2121 outsize=1032 ok=1
Cmd: preprocess
  insize=4540 outsize=1514 ok=1
Cmd: preprocess
  insize=2972 outsize=1566 ok=1
Cmd: preprocess
  insize=1421 outsize=403 ok=1
Cmd: preprocess
  insize=1625 outsize=956 ok=1
Cmd: preprocess
  insize=1907 outsize=1055 ok=1
Cmd: preprocess
  insize=2295 outsize=890 ok=1
Cmd: preprocess
  error: 2 plat 21 at (35): Can't find include file ../../../Distortion/GvrDistortion.cginc
  insize=1773 outsize=916 ok=0
Cmd: preprocess
  insize=3184 outsize=1144 ok=1
Cmd: preprocess
  insize=1628 outsize=1061 ok=1
Cmd: preprocess
  insize=2962 outsize=1191 ok=1
Cmd: preprocess
  insize=1363 outsize=819 ok=1
Cmd: preprocess
  insize=2479 outsize=1051 ok=1
Cmd: preprocess
  insize=6530 outsize=922 ok=1
Cmd: preprocess
  insize=1756 outsize=1045 ok=1
Cmd: preprocess
  insize=3470 outsize=1365 ok=1
Cmd: preprocess
  insize=6405 outsize=1412 ok=1
Cmd: preprocess
  insize=1632 outsize=914 ok=1
Cmd: preprocess
  insize=1438 outsize=872 ok=1
Cmd: preprocess
  insize=2023 outsize=860 ok=1
Cmd: preprocess
  insize=2488 outsize=1608 ok=1
Cmd: preprocess
  insize=1576 outsize=1006 ok=1
Cmd: preprocess
  insize=3763 outsize=1359 ok=1
Cmd: preprocess
  insize=3273 outsize=1317 ok=1
Cmd: preprocess
  insize=1279 outsize=831 ok=1
Cmd: preprocess
  insize=2770 outsize=1055 ok=1
Cmd: preprocess
  insize=7456 outsize=3402 ok=1
Cmd: preprocess
  insize=8658 outsize=3766 ok=1
Cmd: preprocess
  insize=2478 outsize=1095 ok=1
Cmd: preprocess
  insize=1486 outsize=863 ok=1
Cmd: preprocess
  insize=3157 outsize=1755 ok=1
Cmd: preprocess
  insize=8044 outsize=3873 ok=1
Cmd: preprocess
  insize=1221 outsize=1221 ok=1
Cmd: preprocess
  insize=9787 outsize=1487 ok=1
Cmd: preprocess
  insize=1739 outsize=1014 ok=1
Cmd: preprocess
  insize=1851 outsize=1047 ok=1
Cmd: preprocess
  insize=2668 outsize=825 ok=1
Cmd: preprocess
  insize=2588 outsize=1164 ok=1
Cmd: preprocess
  insize=2465 outsize=1166 ok=1
Cmd: preprocess
  insize=1721 outsize=1006 ok=1
Cmd: preprocess
  insize=2355 outsize=996 ok=1
Cmd: preprocess
  insize=918 outsize=206 ok=1
Cmd: preprocess
  insize=2146 outsize=1007 ok=1
Cmd: preprocess
  insize=2099 outsize=1153 ok=1
Cmd: preprocess
  insize=1076 outsize=1076 ok=1
Cmd: preprocess
  insize=2098 outsize=908 ok=1
Cmd: preprocess
  insize=1488 outsize=907 ok=1
Cmd: preprocess
  insize=2787 outsize=828 ok=1
Cmd: preprocess
  insize=1839 outsize=985 ok=1
Cmd: preprocess
  insize=2470 outsize=1010 ok=1
Cmd: preprocess
  insize=2478 outsize=1095 ok=1
Cmd: preprocess
  insize=3690 outsize=1056 ok=1
Cmd: preprocess
  insize=1814 outsize=1011 ok=1
Cmd: preprocess
  insize=2449 outsize=961 ok=1
Cmd: preprocess
  insize=2011 outsize=1056 ok=1
Cmd: compileSnippet
  api=15 type=0 insize=1325 outsize=6078 kw=SPOT _ALPHAPREMULTIPLY_ON pd=UNITY_NO_DXT5nm UNITY_ENABLE_REFLECTION_BUFFERS UNITY_NO_CUBEMAP_ARRAY UNITY_NO_SCREENSPACE_SHADOWS UNITY_PBS_USE_BRDF2 SHADER_API_DESKTOP UNITY_HARDWARE_TIER3 UNITY_COLORSPACE_GAMMA UNITY_LIGHTMAP_DLDR_ENCODING ok=1
Cmd: compileSnippet
  api=15 type=1 insize=1325 outsize=0 kw=SPOT _ALPHAPREMULTIPLY_ON pd=UNITY_NO_DXT5nm UNITY_ENABLE_REFLECTION_BUFFERS UNITY_NO_CUBEMAP_ARRAY UNITY_NO_SCREENSPACE_SHADOWS UNITY_PBS_USE_BRDF2 SHADER_API_DESKTOP UNITY_HARDWARE_TIER3 UNITY_COLORSPACE_GAMMA UNITY_LIGHTMAP_DLDR_ENCODING ok=1
Cmd: compileSnippet
  api=15 type=0 insize=1464 outsize=9471 kw=DIRECTIONAL LIGHTPROBE_SH _EMISSION VERTEXLIGHT_ON _ALPHAPREMULTIPLY_ON pd=UNITY_NO_DXT5nm UNITY_ENABLE_REFLECTION_BUFFERS UNITY_NO_CUBEMAP_ARRAY UNITY_NO_SCREENSPACE_SHADOWS UNITY_PBS_USE_BRDF2 SHADER_API_DESKTOP UNITY_HARDWARE_TIER3 UNITY_COLORSPACE_GAMMA UNITY_LIGHTMAP_DLDR_ENCODING ok=1
Cmd: compileSnippet
  api=15 type=0 insize=1330 outsize=7914 kw=SPOT SHADOWS_DEPTH _SMOOTHNESS_TEXTURE_ALBEDO_CHANNEL_A pd=UNITY_NO_DXT5nm UNITY_ENABLE_REFLECTION_BUFFERS UNITY_NO_CUBEMAP_ARRAY UNITY_NO_SCREENSPACE_SHADOWS UNITY_PBS_USE_BRDF2 SHADER_API_DESKTOP UNITY_HARDWARE_TIER3 UNITY_COLORSPACE_GAMMA UNITY_LIGHTMAP_DLDR_ENCODING ok=1
Cmd: compileSnippet
  api=15 type=1 insize=1330 outsize=0 kw=SPOT SHADOWS_DEPTH _SMOOTHNESS_TEXTURE_ALBEDO_CHANNEL_A pd=UNITY_NO_DXT5nm UNITY_ENABLE_REFLECTION_BUFFERS UNITY_NO_CUBEMAP_ARRAY UNITY_NO_SCREENSPACE_SHADOWS UNITY_PBS_USE_BRDF2 SHADER_API_DESKTOP UNITY_HARDWARE_TIER3 UNITY_COLORSPACE_GAMMA UNITY_LIGHTMAP_DLDR_ENCODING ok=1
